Using pre-set license
Built from '2022.3/release' branch; Version is '2022.3.5f1 (9674261d40ee) revision 9860134'; Using compiler version '192829333'; Build Type 'Release'
OS: 'Windows 10  (10.0.19045) 64bit Professional' Language: 'ru' Physical Memory: 32606 MB
BatchMode: 1, IsHumanControllingUs: 0, StartBugReporterOnCrash: 0, Is64bit: 1, IsPro: 1

COMMAND LINE ARGUMENTS:
C:\Program Files\Unity\Hub\Editor\2022.3.5f1\Editor\Unity.exe
-adb2
-batchMode
-noUpm
-name
AssetImportWorker0
-projectPath
F:/Task7/My project
-logFile
Logs/AssetImportWorker0.log
-srvPort
51653
Successfully changed project path to: F:/Task7/My project
F:/Task7/My project
[UnityMemory] Configuration Parameters - Can be set up in boot.config
    "memorysetup-bucket-allocator-granularity=16"
    "memorysetup-bucket-allocator-bucket-count=8"
    "memorysetup-bucket-allocator-block-size=33554432"
    "memorysetup-bucket-allocator-block-count=8"
    "memorysetup-main-allocator-block-size=16777216"
    "memorysetup-thread-allocator-block-size=16777216"
    "memorysetup-gfx-main-allocator-block-size=16777216"
    "memorysetup-gfx-thread-allocator-block-size=16777216"
    "memorysetup-cache-allocator-block-size=4194304"
    "memorysetup-typetree-allocator-block-size=2097152"
    "memorysetup-profiler-bucket-allocator-granularity=16"
    "memorysetup-profiler-bucket-allocator-bucket-count=8"
    "memorysetup-profiler-bucket-allocator-block-size=33554432"
    "memorysetup-profiler-bucket-allocator-block-count=8"
    "memorysetup-profiler-allocator-block-size=16777216"
    "memorysetup-profiler-editor-allocator-block-size=1048576"
    "memorysetup-temp-allocator-size-main=16777216"
    "memorysetup-job-temp-allocator-block-size=2097152"
    "memorysetup-job-temp-allocator-block-size-background=1048576"
    "memorysetup-job-temp-allocator-reduction-small-platforms=262144"
    "memorysetup-allocator-temp-initial-block-size-main=262144"
    "memorysetup-allocator-temp-initial-block-size-worker=262144"
    "memorysetup-temp-allocator-size-background-worker=32768"
    "memorysetup-temp-allocator-size-job-worker=262144"
    "memorysetup-temp-allocator-size-preload-manager=33554432"
    "memorysetup-temp-allocator-size-nav-mesh-worker=65536"
    "memorysetup-temp-allocator-size-audio-worker=65536"
    "memorysetup-temp-allocator-size-cloud-worker=32768"
    "memorysetup-temp-allocator-size-gi-baking-worker=262144"
    "memorysetup-temp-allocator-size-gfx=262144"
Player connection [26536] Host "[IP] 192.168.0.7 [Port] 0 [Flags] 2 [Guid] 3226408211 [EditorId] 3226408211 [Version] 1048832 [Id] WindowsEditor(7,DESKTOP-D4RDKND) [Debug] 1 [PackageName] WindowsEditor [ProjectName] Editor" joined multi-casting on [225.0.0.222:54997]...

Player connection [26536] Host "[IP] 192.168.0.7 [Port] 0 [Flags] 2 [Guid] 3226408211 [EditorId] 3226408211 [Version] 1048832 [Id] WindowsEditor(7,DESKTOP-D4RDKND) [Debug] 1 [PackageName] WindowsEditor [ProjectName] Editor" joined alternative multi-casting on [225.0.0.222:34997]...

Refreshing native plugins compatible for Editor in 4.17 ms, found 4 plugins.
Preloading 0 native plugins for Editor in 0.00 ms.
Initialize engine version: 2022.3.5f1 (9674261d40ee)
[Subsystems] Discovering subsystems at path C:/Program Files/Unity/Hub/Editor/2022.3.5f1/Editor/Data/Resources/UnitySubsystems
[Subsystems] Discovering subsystems at path F:/Task7/My project/Assets
GfxDevice: creating device client; threaded=0; jobified=0
Direct3D:
    Version:  Direct3D 11.0 [level 11.1]
    Renderer: NVIDIA GeForce GTX 1060 6GB (ID=0x1c03)
    Vendor:   NVIDIA
    VRAM:     6043 MB
    Driver:   31.0.15.3623
Initialize mono
Mono path[0] = 'C:/Program Files/Unity/Hub/Editor/2022.3.5f1/Editor/Data/Managed'
Mono path[1] = 'C:/Program Files/Unity/Hub/Editor/2022.3.5f1/Editor/Data/MonoBleedingEdge/lib/mono/unityjit-win32'
Mono config path = 'C:/Program Files/Unity/Hub/Editor/2022.3.5f1/Editor/Data/MonoBleedingEdge/etc'
Using monoOptions --debugger-agent=transport=dt_socket,embedding=1,server=y,suspend=n,address=127.0.0.1:56736
Begin MonoManager ReloadAssembly
Registering precompiled unity dll's ...
Register platform support module: C:/Program Files/Unity/Hub/Editor/2022.3.5f1/Editor/Data/PlaybackEngines/AndroidPlayer/UnityEditor.Android.Extensions.dll
Register platform support module: C:/Program Files/Unity/Hub/Editor/2022.3.5f1/Editor/Data/PlaybackEngines/WindowsStandaloneSupport/UnityEditor.WindowsStandalone.Extensions.dll
Registered in 0.007162 seconds.
- Loaded All Assemblies, in  0.239 seconds
Native extension for WindowsStandalone target not found
Native extension for Android target not found
Android Extension - Scanning For ADB Devices 246 ms
Mono: successfully reloaded assembly
- Finished resetting the current domain, in  0.476 seconds
Domain Reload Profiling: 715ms
	BeginReloadAssembly (59ms)
		ExecutionOrderSort (0ms)
		DisableScriptedObjects (0ms)
		BackupInstance (0ms)
		ReleaseScriptingObjects (0ms)
		CreateAndSetChildDomain (1ms)
	RebuildCommonClasses (24ms)
	RebuildNativeTypeToScriptingClass (7ms)
	initialDomainReloadingComplete (44ms)
	LoadAllAssembliesAndSetupDomain (103ms)
		LoadAssemblies (58ms)
		RebuildTransferFunctionScriptingTraits (0ms)
		AnalyzeDomain (99ms)
			TypeCache.Refresh (98ms)
				TypeCache.ScanAssembly (90ms)
			ScanForSourceGeneratedMonoScriptInfo (0ms)
			ResolveRequiredComponents (0ms)
	FinalizeReload (477ms)
		ReleaseScriptCaches (0ms)
		RebuildScriptCaches (0ms)
		SetupLoadedEditorAssemblies (437ms)
			LogAssemblyErrors (0ms)
			InitializePlatformSupportModulesInManaged (332ms)
			SetLoadedEditorAssemblies (3ms)
			RefreshPlugins (0ms)
			BeforeProcessingInitializeOnLoad (1ms)
			ProcessInitializeOnLoadAttributes (66ms)
			ProcessInitializeOnLoadMethodAttributes (34ms)
			AfterProcessingInitializeOnLoad (0ms)
			EditorAssembliesLoaded (0ms)
		ExecutionOrderSort2 (0ms)
		AwakeInstancesAfterBackupRestoration (0ms)
========================================================================
Worker process is ready to serve import requests
Begin MonoManager ReloadAssembly
Symbol file LoadedFromMemory doesn't match image F:\Task7\My project\Library\PackageCache\com.unity.visualscripting@1.8.0\Editor\VisualScripting.Core\Dependencies\YamlDotNet\Unity.VisualScripting.YamlDotNet.dll
Symbol file LoadedFromMemory doesn't match image F:\Task7\My project\Library\PackageCache\com.unity.visualscripting@1.8.0\Editor\VisualScripting.Core\Dependencies\DotNetZip\Unity.VisualScripting.IonicZip.dll
- Loaded All Assemblies, in  0.490 seconds
Refreshing native plugins compatible for Editor in 1.43 ms, found 4 plugins.
Native extension for WindowsStandalone target not found
Native extension for Android target not found
Mono: successfully reloaded assembly
- Finished resetting the current domain, in  0.384 seconds
Domain Reload Profiling: 874ms
	BeginReloadAssembly (89ms)
		ExecutionOrderSort (0ms)
		DisableScriptedObjects (3ms)
		BackupInstance (0ms)
		ReleaseScriptingObjects (0ms)
		CreateAndSetChildDomain (16ms)
	RebuildCommonClasses (29ms)
	RebuildNativeTypeToScriptingClass (9ms)
	initialDomainReloadingComplete (28ms)
	LoadAllAssembliesAndSetupDomain (334ms)
		LoadAssemblies (177ms)
		RebuildTransferFunctionScriptingTraits (0ms)
		AnalyzeDomain (199ms)
			TypeCache.Refresh (182ms)
				TypeCache.ScanAssembly (173ms)
			ScanForSourceGeneratedMonoScriptInfo (14ms)
			ResolveRequiredComponents (3ms)
	FinalizeReload (385ms)
		ReleaseScriptCaches (0ms)
		RebuildScriptCaches (0ms)
		SetupLoadedEditorAssemblies (275ms)
			LogAssemblyErrors (0ms)
			InitializePlatformSupportModulesInManaged (17ms)
			SetLoadedEditorAssemblies (2ms)
			RefreshPlugins (0ms)
			BeforeProcessingInitializeOnLoad (49ms)
			ProcessInitializeOnLoadAttributes (176ms)
			ProcessInitializeOnLoadMethodAttributes (24ms)
			AfterProcessingInitializeOnLoad (6ms)
			EditorAssembliesLoaded (0ms)
		ExecutionOrderSort2 (0ms)
		AwakeInstancesAfterBackupRestoration (6ms)
Launched and connected shader compiler UnityShaderCompiler.exe after 0.03 seconds
Refreshing native plugins compatible for Editor in 1.61 ms, found 4 plugins.
Preloading 0 native plugins for Editor in 0.00 ms.
Unloading 4008 Unused Serialized files (Serialized files now loaded: 0)
Unloading 69 unused Assets / (245.1 KB). Loaded Objects now: 4469.
Memory consumption went from 145.1 MB to 144.8 MB.
Total: 2.543300 ms (FindLiveObjects: 0.224300 ms CreateObjectMapping: 0.135200 ms MarkObjects: 2.028900 ms  DeleteObjects: 0.153700 ms)

AssetImportParameters requested are different than current active one (requested -> active):
  custom:container-demuxer-ogg: 62fdf1f143b41e24485cea50d1cbac27 -> 
  custom:video-decoder-ogg-theora: a1e56fd34408186e4bbccfd4996cb3dc -> 
  custom:framework-win-MediaFoundation: 216162199b28c13a410421893ffa2e32 -> 
  custom:CustomObjectIndexerAttribute: 756ad292c208cfabdd7b50bc23989ffe -> 
  custom:container-demuxer-webm: 4f35f7cbe854078d1ac9338744f61a02 -> 
  custom:container-muxer-webm: aa71ff27fc2769a1b78a27578f13a17b -> 
  custom:video-decoder-webm-vp8: 9c59270c3fd7afecdb556c50c9e8de78 -> 
  custom:AudioImporter_EditorPlatform: d09bf68614088b80899f8185d706f6e7 -> 
  custom:video-encoder-webm-vp8: eb34c28f22e8b96e1ab97ce403110664 -> 
  custom:audio-decoder-ogg-vorbis: bf7c407c2cedff20999df2af8eb42d56 -> 
  custom:audio-encoder-webm-vorbis: bf7c407c2cedff20999df2af8eb42d56 -> 
========================================================================
Received Import Request.
  Time since last request: 296322.334271 seconds.
  path: Assets/Match 3 - Dark Monsters - Infinite Monster Builder/Sprites/Monster1.png
  artifactKey: Guid(a696c953948ca97428563c67bb98a26a) Importer(815301076,1909f56bfc062723c751e8b465ee728b)
Start importing Assets/Match 3 - Dark Monsters - Infinite Monster Builder/Sprites/Monster1.png using Guid(a696c953948ca97428563c67bb98a26a) Importer(815301076,1909f56bfc062723c751e8b465ee728b)  -> (artifact id: 'd0f5f7fda320b01f814109a49ebb4479') in 0.072956 seconds
Number of updated asset objects reloaded before import = 0
Number of asset objects unloaded after import = 13
========================================================================
Received Import Request.
  Time since last request: 7.047540 seconds.
  path: Assets/Free 2D Platform Tileset/Sprites
  artifactKey: Guid(555b316b58f75824ca509dceed216039) Importer(815301076,1909f56bfc062723c751e8b465ee728b)
Start importing Assets/Free 2D Platform Tileset/Sprites using Guid(555b316b58f75824ca509dceed216039) Importer(815301076,1909f56bfc062723c751e8b465ee728b)  -> (artifact id: 'c2b18d6c8c46b21a32293ed3fa274642') in 0.000404 seconds
Number of updated asset objects reloaded before import = 0
Number of asset objects unloaded after import = 0
========================================================================
Received Import Request.
  Time since last request: 0.863063 seconds.
  path: Assets/Free 2D Platform Tileset/Sprites/Background
  artifactKey: Guid(c2bcb8d4aad8ba043980b3e3f7b93472) Importer(815301076,1909f56bfc062723c751e8b465ee728b)
Start importing Assets/Free 2D Platform Tileset/Sprites/Background using Guid(c2bcb8d4aad8ba043980b3e3f7b93472) Importer(815301076,1909f56bfc062723c751e8b465ee728b)  -> (artifact id: '4235a57e848ac2eb1750f70b2f7c66b8') in 0.000325 seconds
Number of updated asset objects reloaded before import = 0
Number of asset objects unloaded after import = 0
========================================================================
Received Import Request.
  Time since last request: 0.046516 seconds.
  path: Assets/Free 2D Platform Tileset/Sprites/Background/Background.png
  artifactKey: Guid(88bb71eb3de7adb42840415bd042020b) Importer(815301076,1909f56bfc062723c751e8b465ee728b)
Start importing Assets/Free 2D Platform Tileset/Sprites/Background/Background.png using Guid(88bb71eb3de7adb42840415bd042020b) Importer(815301076,1909f56bfc062723c751e8b465ee728b)  -> (artifact id: '742b076343e6b46f8ef85562922bc8aa') in 0.042029 seconds
Number of updated asset objects reloaded before import = 0
Number of asset objects unloaded after import = 3
========================================================================
Received Import Request.
  Time since last request: 0.700661 seconds.
  path: Assets/Free 2D Platform Tileset/Sprites/Background/Flower_01.png
  artifactKey: Guid(e4e17f55bc3fb4a43af28b1b985b7e5e) Importer(815301076,1909f56bfc062723c751e8b465ee728b)
Start importing Assets/Free 2D Platform Tileset/Sprites/Background/Flower_01.png using Guid(e4e17f55bc3fb4a43af28b1b985b7e5e) Importer(815301076,1909f56bfc062723c751e8b465ee728b)  -> (artifact id: '7e14b30bee6bc28cc747be33e2fbd3ed') in 0.021716 seconds
Number of updated asset objects reloaded before import = 0
Number of asset objects unloaded after import = 3
========================================================================
Received Import Request.
  Time since last request: 0.000014 seconds.
  path: Assets/Free 2D Platform Tileset/Sprites/Background/Tree_02.png
  artifactKey: Guid(54774f22402d1d442bf961cb56aba8cb) Importer(815301076,1909f56bfc062723c751e8b465ee728b)
Start importing Assets/Free 2D Platform Tileset/Sprites/Background/Tree_02.png using Guid(54774f22402d1d442bf961cb56aba8cb) Importer(815301076,1909f56bfc062723c751e8b465ee728b)  -> (artifact id: 'db9ad239acb7cf02cb62a1254943f9f4') in 0.017475 seconds
Number of updated asset objects reloaded before import = 0
Number of asset objects unloaded after import = 3
========================================================================
Received Import Request.
  Time since last request: 0.000013 seconds.
  path: Assets/Free 2D Platform Tileset/Sprites/Background/Flower_02.png
  artifactKey: Guid(8c74df9f241518141ae98a8035ef6d3e) Importer(815301076,1909f56bfc062723c751e8b465ee728b)
Start importing Assets/Free 2D Platform Tileset/Sprites/Background/Flower_02.png using Guid(8c74df9f241518141ae98a8035ef6d3e) Importer(815301076,1909f56bfc062723c751e8b465ee728b)  -> (artifact id: '958ea0ec489b38b65de0eed1ed9a3b1b') in 0.010162 seconds
Number of updated asset objects reloaded before import = 0
Number of asset objects unloaded after import = 3
========================================================================
Received Import Request.
  Time since last request: 0.000024 seconds.
  path: Assets/Free 2D Platform Tileset/Sprites/Background/Grass.png
  artifactKey: Guid(e1d9fc9540809a44f9ca5be6000b479a) Importer(815301076,1909f56bfc062723c751e8b465ee728b)
Start importing Assets/Free 2D Platform Tileset/Sprites/Background/Grass.png using Guid(e1d9fc9540809a44f9ca5be6000b479a) Importer(815301076,1909f56bfc062723c751e8b465ee728b)  -> (artifact id: '66b4cd12788efe2259e1d74e65101fc3') in 0.009763 seconds
Number of updated asset objects reloaded before import = 0
Number of asset objects unloaded after import = 3
========================================================================
Received Import Request.
  Time since last request: 574.308122 seconds.
  path: Assets/Sprites/modern-15-pill.svg.png
  artifactKey: Guid(6c12af59bf8e9f04b8c843986707dafa) Importer(815301076,1909f56bfc062723c751e8b465ee728b)
Start importing Assets/Sprites/modern-15-pill.svg.png using Guid(6c12af59bf8e9f04b8c843986707dafa) Importer(815301076,1909f56bfc062723c751e8b465ee728b)  -> (artifact id: 'a421dc9c0b843efe200eb507dc0934ec') in 0.012942 seconds
Number of updated asset objects reloaded before import = 0
Number of asset objects unloaded after import = 3
========================================================================
Received Import Request.
  Time since last request: 0.773080 seconds.
  path: Assets/Sprites/Mons 2.png
  artifactKey: Guid(c02ad7062affde44e9ff4ce9095c746a) Importer(815301076,1909f56bfc062723c751e8b465ee728b)
Start importing Assets/Sprites/Mons 2.png using Guid(c02ad7062affde44e9ff4ce9095c746a) Importer(815301076,1909f56bfc062723c751e8b465ee728b)  -> (artifact id: 'edd4a09bda8198996d24451c6d320fe3') in 0.027862 seconds
Number of updated asset objects reloaded before import = 0
Number of asset objects unloaded after import = 3
========================================================================
Received Import Request.
  Time since last request: 0.000023 seconds.
  path: Assets/Sprites/Mons 7.png
  artifactKey: Guid(aa8211747cd72164e9df824ee1613ef1) Importer(815301076,1909f56bfc062723c751e8b465ee728b)
Start importing Assets/Sprites/Mons 7.png using Guid(aa8211747cd72164e9df824ee1613ef1) Importer(815301076,1909f56bfc062723c751e8b465ee728b)  -> (artifact id: 'f04326153b37d4a7f1e404a5dfc9d964') in 0.024137 seconds
Number of updated asset objects reloaded before import = 0
Number of asset objects unloaded after import = 3
========================================================================
Received Import Request.
  Time since last request: 0.000012 seconds.
  path: Assets/Sprites/Mons 11.png
  artifactKey: Guid(8bdf6b541452e7f4983ca25765fc472d) Importer(815301076,1909f56bfc062723c751e8b465ee728b)
Start importing Assets/Sprites/Mons 11.png using Guid(8bdf6b541452e7f4983ca25765fc472d) Importer(815301076,1909f56bfc062723c751e8b465ee728b)  -> (artifact id: '79f5785fb282a89eec4394065cb991ce') in 0.037118 seconds
Number of updated asset objects reloaded before import = 0
Number of asset objects unloaded after import = 3
========================================================================
Received Import Request.
  Time since last request: 0.000066 seconds.
  path: Assets/Sprites/Mons 8.png
  artifactKey: Guid(30bf067cc4f28d542ba891e5d293a0ec) Importer(815301076,1909f56bfc062723c751e8b465ee728b)
Start importing Assets/Sprites/Mons 8.png using Guid(30bf067cc4f28d542ba891e5d293a0ec) Importer(815301076,1909f56bfc062723c751e8b465ee728b)  -> (artifact id: '30900f21779a138f535f8d08a36b08c7') in 0.017295 seconds
Number of updated asset objects reloaded before import = 0
Number of asset objects unloaded after import = 3
========================================================================
Received Import Request.
  Time since last request: 0.000025 seconds.
  path: Assets/Sprites/Mons 1.png
  artifactKey: Guid(709ad7434ec31e2468b0434a93f27cbf) Importer(815301076,1909f56bfc062723c751e8b465ee728b)
Start importing Assets/Sprites/Mons 1.png using Guid(709ad7434ec31e2468b0434a93f27cbf) Importer(815301076,1909f56bfc062723c751e8b465ee728b)  -> (artifact id: '75c4a871b6098059a9a86fc76a8a4f77') in 0.043353 seconds
Number of updated asset objects reloaded before import = 0
Number of asset objects unloaded after import = 3
========================================================================
Received Import Request.
  Time since last request: 0.000030 seconds.
  path: Assets/Sprites/Mons 5.png
  artifactKey: Guid(f868ee1a40ffc7e44baf36179f27fd96) Importer(815301076,1909f56bfc062723c751e8b465ee728b)
Start importing Assets/Sprites/Mons 5.png using Guid(f868ee1a40ffc7e44baf36179f27fd96) Importer(815301076,1909f56bfc062723c751e8b465ee728b)  -> (artifact id: 'a70dc520d39a55496d2d647a4bed91a4') in 0.018612 seconds
Number of updated asset objects reloaded before import = 0
Number of asset objects unloaded after import = 3
Editor requested this worker to shutdown with reason: Scaling down because of idle timeout
TcpMessagingSession - receive error: operation aborted. errorcode: 995, details: ќпераци€ ввода/вывода была прервана из-за завершени€ потока команд или по запросу приложени€.
AssetImportWorker is now disconnected from the server
Process exiting
Exiting without the bug reporter. Application will terminate with return code 0